<?xml version="1.0" encoding="UTF-8"?>
<testsuite name="user.service.UserServiceTest" tests="1" skipped="0" failures="0" errors="0" timestamp="2023-08-11T17:50:39" hostname="DESKTOP-CR5B87G" time="0.018">
  <properties/>
  <testcase name="advisorAutoProxyCreator" classname="user.service.UserServiceTest" time="0.018"/>
  <system-out><![CDATA[]]></system-out>
  <system-err><![CDATA[8월 12, 2023 2:50:38 오전 org.springframework.test.context.support.AbstractTestContextBootstrapper getDefaultTestExecutionListenerClassNames
정보: Loaded default TestExecutionListener class names from location [META-INF/spring.factories]: [org.springframework.test.context.web.ServletTestExecutionListener, org.springframework.test.context.support.DirtiesContextBeforeModesTestExecutionListener, org.springframework.test.context.support.DependencyInjectionTestExecutionListener, org.springframework.test.context.support.DirtiesContextTestExecutionListener, org.springframework.test.context.transaction.TransactionalTestExecutionListener, org.springframework.test.context.jdbc.SqlScriptsTestExecutionListener, org.springframework.test.context.event.EventPublishingTestExecutionListener]
8월 12, 2023 2:50:38 오전 org.springframework.test.context.support.AbstractTestContextBootstrapper getTestExecutionListeners
정보: Using TestExecutionListeners: [org.springframework.test.context.support.DirtiesContextBeforeModesTestExecutionListener@5a9f4771, org.springframework.test.context.support.DependencyInjectionTestExecutionListener@282cb7c7, org.springframework.test.context.support.DirtiesContextTestExecutionListener@7d898981, org.springframework.test.context.transaction.TransactionalTestExecutionListener@48d61b48, org.springframework.test.context.jdbc.SqlScriptsTestExecutionListener@68d279ec, org.springframework.test.context.event.EventPublishingTestExecutionListener@258d79be]
Loading class `com.mysql.jdbc.Driver'. This is deprecated. The new driver class is `com.mysql.cj.jdbc.Driver'. The driver is automatically registered via the SPI and manual loading of the driver class is generally unnecessary.
]]></system-err>
</testsuite>
