<?xml version="1.0" encoding="UTF-8"?>
<testsuite name="user.service.UserServiceTest" tests="1" skipped="0" failures="0" errors="0" timestamp="2023-07-31T15:56:27" hostname="DESKTOP-CR5B87G" time="0.021">
  <properties/>
  <testcase name="upgradeLevels" classname="user.service.UserServiceTest" time="0.021"/>
  <system-out><![CDATA[]]></system-out>
  <system-err><![CDATA[8월 01, 2023 12:56:26 오전 org.springframework.test.context.support.AbstractTestContextBootstrapper getDefaultTestExecutionListenerClassNames
정보: Loaded default TestExecutionListener class names from location [META-INF/spring.factories]: [org.springframework.test.context.web.ServletTestExecutionListener, org.springframework.test.context.support.DirtiesContextBeforeModesTestExecutionListener, org.springframework.test.context.support.DependencyInjectionTestExecutionListener, org.springframework.test.context.support.DirtiesContextTestExecutionListener, org.springframework.test.context.transaction.TransactionalTestExecutionListener, org.springframework.test.context.jdbc.SqlScriptsTestExecutionListener, org.springframework.test.context.event.EventPublishingTestExecutionListener]
8월 01, 2023 12:56:26 오전 org.springframework.test.context.support.AbstractTestContextBootstrapper getTestExecutionListeners
정보: Using TestExecutionListeners: [org.springframework.test.context.support.DirtiesContextBeforeModesTestExecutionListener@3370f42, org.springframework.test.context.support.DependencyInjectionTestExecutionListener@6057aebb, org.springframework.test.context.support.DirtiesContextTestExecutionListener@63eef88a, org.springframework.test.context.transaction.TransactionalTestExecutionListener@53251a66, org.springframework.test.context.jdbc.SqlScriptsTestExecutionListener@6853425f, org.springframework.test.context.event.EventPublishingTestExecutionListener@352c1b98]
Loading class `com.mysql.jdbc.Driver'. This is deprecated. The new driver class is `com.mysql.cj.jdbc.Driver'. The driver is automatically registered via the SPI and manual loading of the driver class is generally unnecessary.
]]></system-err>
</testsuite>
