<?xml version="1.0" encoding="UTF-8"?>
<testsuite name="user.service.UserServiceTest" tests="3" skipped="0" failures="0" errors="0" timestamp="2023-07-20T13:18:51" hostname="DESKTOP-CR5B87G" time="1.057">
  <properties/>
  <testcase name="add" classname="user.service.UserServiceTest" time="0.669"/>
  <testcase name="bean" classname="user.service.UserServiceTest" time="0.003"/>
  <testcase name="upgradeLevels" classname="user.service.UserServiceTest" time="0.383"/>
  <system-out><![CDATA[]]></system-out>
  <system-err><![CDATA[7월 20, 2023 10:18:51 오후 org.springframework.test.context.support.AbstractTestContextBootstrapper getDefaultTestExecutionListenerClassNames
정보: Loaded default TestExecutionListener class names from location [META-INF/spring.factories]: [org.springframework.test.context.web.ServletTestExecutionListener, org.springframework.test.context.support.DirtiesContextBeforeModesTestExecutionListener, org.springframework.test.context.support.DependencyInjectionTestExecutionListener, org.springframework.test.context.support.DirtiesContextTestExecutionListener, org.springframework.test.context.transaction.TransactionalTestExecutionListener, org.springframework.test.context.jdbc.SqlScriptsTestExecutionListener, org.springframework.test.context.event.EventPublishingTestExecutionListener]
7월 20, 2023 10:18:51 오후 org.springframework.test.context.support.AbstractTestContextBootstrapper getTestExecutionListeners
정보: Using TestExecutionListeners: [org.springframework.test.context.support.DirtiesContextBeforeModesTestExecutionListener@6676f6a0, org.springframework.test.context.support.DependencyInjectionTestExecutionListener@7cbd9d24, org.springframework.test.context.support.DirtiesContextTestExecutionListener@1672fe87, org.springframework.test.context.transaction.TransactionalTestExecutionListener@5026735c, org.springframework.test.context.jdbc.SqlScriptsTestExecutionListener@1b45c0e, org.springframework.test.context.event.EventPublishingTestExecutionListener@11f0a5a1]
Loading class `com.mysql.jdbc.Driver'. This is deprecated. The new driver class is `com.mysql.cj.jdbc.Driver'. The driver is automatically registered via the SPI and manual loading of the driver class is generally unnecessary.
]]></system-err>
</testsuite>
