<?xml version="1.0" encoding="UTF-8"?>
<testsuite name="user.service.UserServiceTest" tests="4" skipped="0" failures="0" errors="0" timestamp="2023-07-31T12:31:55" hostname="DESKTOP-CR5B87G" time="1.409">
  <properties/>
  <testcase name="upgradeAllOrNothing" classname="user.service.UserServiceTest" time="0.86"/>
  <testcase name="add" classname="user.service.UserServiceTest" time="0.186"/>
  <testcase name="bean" classname="user.service.UserServiceTest" time="0.006"/>
  <testcase name="upgradeLevels" classname="user.service.UserServiceTest" time="0.354"/>
  <system-out><![CDATA[]]></system-out>
  <system-err><![CDATA[7월 31, 2023 9:31:54 오후 org.springframework.test.context.support.AbstractTestContextBootstrapper getDefaultTestExecutionListenerClassNames
정보: Loaded default TestExecutionListener class names from location [META-INF/spring.factories]: [org.springframework.test.context.web.ServletTestExecutionListener, org.springframework.test.context.support.DirtiesContextBeforeModesTestExecutionListener, org.springframework.test.context.support.DependencyInjectionTestExecutionListener, org.springframework.test.context.support.DirtiesContextTestExecutionListener, org.springframework.test.context.transaction.TransactionalTestExecutionListener, org.springframework.test.context.jdbc.SqlScriptsTestExecutionListener, org.springframework.test.context.event.EventPublishingTestExecutionListener]
7월 31, 2023 9:31:54 오후 org.springframework.test.context.support.AbstractTestContextBootstrapper getTestExecutionListeners
정보: Using TestExecutionListeners: [org.springframework.test.context.support.DirtiesContextBeforeModesTestExecutionListener@5965be2d, org.springframework.test.context.support.DependencyInjectionTestExecutionListener@409c54f, org.springframework.test.context.support.DirtiesContextTestExecutionListener@3e74829, org.springframework.test.context.transaction.TransactionalTestExecutionListener@4f6f416f, org.springframework.test.context.jdbc.SqlScriptsTestExecutionListener@3b8f0a79, org.springframework.test.context.event.EventPublishingTestExecutionListener@71e693fa]
Loading class `com.mysql.jdbc.Driver'. This is deprecated. The new driver class is `com.mysql.cj.jdbc.Driver'. The driver is automatically registered via the SPI and manual loading of the driver class is generally unnecessary.
]]></system-err>
</testsuite>
