<?xml version="1.0" encoding="UTF-8"?>
<testsuite name="learningtest.jdk.ReflectionTest" tests="1" skipped="0" failures="0" errors="0" timestamp="2023-08-02T12:45:47" hostname="DESKTOP-CR5B87G" time="0.007">
  <properties/>
  <testcase name="invokeMethod" classname="learningtest.jdk.ReflectionTest" time="0.007"/>
  <system-out><![CDATA[]]></system-out>
  <system-err><![CDATA[]]></system-err>
</testsuite>
